<?xml version="1.0" encoding="UTF-8"?>
<!-- Generated by org.testng.reporters.JUnitReportReporter -->
<testsuite hostname="LAPTOP-CD5C4PV5" failures="0" tests="5" name="com.example.ClientUsersPageTest" time="52.608" errors="0" timestamp="2023-03-14T09:01:07 EDT" skipped="0">
  <testcase classname="com.example.ClientUsersPageTest" name="verifyClientUserPageTitleTest" time="9.030"/>
  <system-out/>
  <testcase classname="com.example.ClientUsersPageTest" name="verifyClientUserPageColumnsTest" time="9.582"/>
  <system-out/>
  <testcase classname="com.example.ClientUsersPageTest" name="ClientusergridTest" time="9.625"/>
  <system-out/>
  <testcase classname="com.example.ClientUsersPageTest" name="verifytoast" time="9.832"/>
  <system-out/>
  <testcase classname="com.example.ClientUsersPageTest" name="verifygridcontainsTest" time="14.539"/>
  <system-out/>
</testsuite> <!-- com.example.ClientUsersPageTest -->
