<?xml version="1.0" encoding="UTF-8"?>
<!-- Generated by org.testng.reporters.JUnitReportReporter -->
<testsuite hostname="LAPTOP-CD5C4PV5" failures="0" tests="5" name="com.example.AuditLogPageTest" time="52.271" errors="0" timestamp="2023-03-15T10:59:24 EDT" skipped="0">
  <testcase classname="com.example.AuditLogPageTest" name="verifyAuditLogPageTitleTest" time="9.416"/>
  <system-out/>
  <testcase classname="com.example.AuditLogPageTest" name="verifyCompaniesPageColumnsTest" time="11.735"/>
  <system-out/>
  <testcase classname="com.example.AuditLogPageTest" name="openAuditlog" time="9.968"/>
  <system-out/>
  <testcase classname="com.example.AuditLogPageTest" name="verifytoast" time="10.998"/>
  <system-out/>
  <testcase classname="com.example.AuditLogPageTest" name="verifygridcontainsTest" time="10.154"/>
  <system-out/>
</testsuite> <!-- com.example.AuditLogPageTest -->
