<?xml version="1.0" encoding="UTF-8"?>
<!-- Generated by org.testng.reporters.JUnitReportReporter -->
<testsuite hostname="LAPTOP-CD5C4PV5" failures="0" tests="8" name="com.example.SitesMandatorypageTest" time="164.553" errors="0" timestamp="2023-03-15T09:57:57 EDT" skipped="0">
  <testcase classname="com.example.SitesMandatorypageTest" name="AddnewContact" time="38.694"/>
  <system-out/>
  <testcase classname="com.example.SitesMandatorypageTest" name="mandatorytest" time="13.775"/>
  <system-out/>
  <testcase classname="com.example.SitesMandatorypageTest" name="verifyToastTest" time="10.658"/>
  <system-out/>
  <testcase classname="com.example.SitesMandatorypageTest" name="addnewsite" time="19.480"/>
  <system-out/>
  <testcase classname="com.example.SitesMandatorypageTest" name="newsiteidTest" time="18.941"/>
  <system-out/>
  <testcase classname="com.example.SitesMandatorypageTest" name="startBilling" time="20.950"/>
  <system-out/>
  <testcase classname="com.example.SitesMandatorypageTest" name="startlocation" time="21.303"/>
  <system-out/>
  <testcase classname="com.example.SitesMandatorypageTest" name="safetytest" time="20.752"/>
  <system-out/>
</testsuite> <!-- com.example.SitesMandatorypageTest -->
