<?xml version="1.0" encoding="UTF-8"?>
<!-- Generated by org.testng.reporters.JUnitReportReporter -->
<testsuite hostname="LAPTOP-CD5C4PV5" failures="0" tests="3" name="com.example.LoginPageTest" time="21.951" errors="0" timestamp="2023-03-14T09:01:07 EDT" skipped="0">
  <testcase classname="com.example.LoginPageTest" name="loginPageTitleTest" time="1.553"/>
  <system-out/>
  <testcase classname="com.example.LoginPageTest" name="starsVigilantLogoImageTest" time="1.647"/>
  <system-out/>
  <testcase classname="com.example.LoginPageTest" name="loginTest" time="18.751"/>
  <system-out/>
</testsuite> <!-- com.example.LoginPageTest -->
