<?xml version="1.0" encoding="UTF-8"?>
<!-- Generated by org.testng.reporters.JUnitReportReporter -->
<testsuite hostname="LAPTOP-CD5C4PV5" failures="0" tests="2" name="com.example.FinancePageTest" time="19.564" errors="0" timestamp="2023-03-14T09:01:07 EDT" skipped="0">
  <testcase classname="com.example.FinancePageTest" name="verifyFinancePageTitleTest" time="9.142"/>
  <system-out/>
  <testcase classname="com.example.FinancePageTest" name="verifyFinancePageColumnsTest" time="10.422"/>
  <system-out/>
</testsuite> <!-- com.example.FinancePageTest -->
