<?xml version="1.0" encoding="UTF-8"?>
<!-- Generated by org.testng.reporters.JUnitReportReporter -->
<testsuite hostname="LAPTOP-CD5C4PV5" failures="0" tests="1" name="com.example.SitesPageTest" time="39.599" errors="0" timestamp="2023-03-14T09:23:12 EDT" skipped="0">
  <testcase classname="com.example.SitesPageTest" name="editSiteTest" time="39.599"/>
  <system-out/>
</testsuite> <!-- com.example.SitesPageTest -->
