<?xml version="1.0" encoding="UTF-8"?>
<!-- Generated by org.testng.reporters.JUnitReportReporter -->
<testsuite hostname="LAPTOP-CD5C4PV5" failures="0" tests="3" name="com.example.HomePageTest" time="27.381" errors="0" timestamp="2023-03-14T09:01:07 EDT" skipped="0">
  <testcase classname="com.example.HomePageTest" name="verifyHomePageTitleTest" time="9.752"/>
  <system-out/>
  <testcase classname="com.example.HomePageTest" name="verifyUserNameTest" time="8.702"/>
  <system-out/>
  <testcase classname="com.example.HomePageTest" name="verifyHeadersLinkTest" time="8.927"/>
  <system-out/>
</testsuite> <!-- com.example.HomePageTest -->
